<?xml version="1.0" encoding="UTF-8"?>
<!-- Generated by org.testng.reporters.JUnitReportReporter -->
<testsuite hostname="DESKTOP-C7DDVKG" failures="0" tests="5" name="com.selenium1Demo.testCases.TC_LoginDDT_002" time="43.534" errors="0" timestamp="25 Feb 2022 20:17:29 GMT" skipped="0">
  <testcase classname="com.selenium1Demo.testCases.TC_LoginDDT_002" name="loginDDT" time="8.492"/>
  <testcase classname="com.selenium1Demo.testCases.TC_LoginDDT_002" name="loginDDT" time="8.889"/>
  <testcase classname="com.selenium1Demo.testCases.TC_LoginDDT_002" name="loginDDT" time="8.675"/>
  <testcase classname="com.selenium1Demo.testCases.TC_LoginDDT_002" name="loginDDT" time="8.869"/>
  <testcase classname="com.selenium1Demo.testCases.TC_LoginDDT_002" name="loginDDT" time="8.609"/>
</testsuite> <!-- com.selenium1Demo.testCases.TC_LoginDDT_002 -->
